Arguments: 
  /Users/bill/.nvm/versions/node/v16.16.0/bin/node /Users/bill/.nvm/versions/node/v16.16.0/bin/yarn add cypres

PATH: 
  /Users/bill/.avn/bin:/Users/bill/.nvm/versions/node/v16.16.0/bin:/usr/local/bin:/usr/bin:/bin:/usr/sbin:/sbin:/Library/Apple/usr/bin:/Users/bill/.avn/bin:/Users/bill/.nvm/versions/node/v16.16.0/bin:/Users/bill/depot_tools:/Users/bill/depot_tools

Yarn version: 
  1.22.19

Node version: 
  16.16.0

Platform: 
  darwin x64

Trace: 
  Error: https://registry.yarnpkg.com/cypres: Not found
      at Request.params.callback [as _callback] (/Users/bill/.nvm/versions/node/v16.16.0/lib/node_modules/yarn/lib/cli.js:66145:18)
      at Request.self.callback (/Users/bill/.nvm/versions/node/v16.16.0/lib/node_modules/yarn/lib/cli.js:140890:22)
      at Request.emit (node:events:527:28)
      at Request.<anonymous> (/Users/bill/.nvm/versions/node/v16.16.0/lib/node_modules/yarn/lib/cli.js:141862:10)
      at Request.emit (node:events:527:28)
      at IncomingMessage.<anonymous> (/Users/bill/.nvm/versions/node/v16.16.0/lib/node_modules/yarn/lib/cli.js:141784:12)
      at Object.onceWrapper (node:events:641:28)
      at IncomingMessage.emit (node:events:539:35)
      at endReadableNT (node:internal/streams/readable:1345:12)
      at processTicksAndRejections (node:internal/process/task_queues:83:21)

npm manifest: 
  {
    "name": "cypress-issue-24278",
    "version": "1.0.0",
    "description": "",
    "main": "index.js",
    "scripts": {
      "test": "echo \"Error: no test specified\" && exit 1"
    },
    "author": "",
    "license": "ISC"
  }

yarn manifest: 
  No manifest

Lockfile: 
  No lockfile
